{
  "Cucumber Features": {
    "coverage": {
      "/home/ubuntu/workspace/HealthyU/app/controllers/nutritions_controller.rb": [
        1,
        1,
        6,
        null,
        1,
        14,
        null,
        null,
        1,
        5,
        null,
        1,
        3,
        null,
        1,
        5,
        5,
        5,
        null,
        null,
        null,
        null,
        1,
        1,
        1,
        1,
        1,
        null,
        1,
        1,
        null,
        1,
        1,
        1,
        1,
        1,
        null,
        null,
        null
      ],
      "/home/ubuntu/workspace/HealthyU/app/controllers/application_controller.rb": [
        1,
        null,
        null,
        1,
        null
      ],
      "/home/ubuntu/workspace/HealthyU/app/helpers/application_helper.rb": [
        1,
        null
      ],
      "/home/ubuntu/workspace/HealthyU/app/models/nutrition.rb": [
        1,
        1,
        16,
        null,
        null,
        null
      ],
      "/home/ubuntu/workspace/HealthyU/app/controllers/exercises_controller.rb": [
        0,
        null,
        null,
        null,
        null,
        null,
        0,
        0,
        0,
        0,
        0,
        0,
        0,
        0,
        0,
        0,
        0,
        0,
        0,
        0,
        null,
        0,
        0,
        0,
        0,
        0,
        0,
        0,
        0,
        0,
        null,
        0,
        0,
        0,
        0,
        0,
        null,
        null,
        0,
        0
      ],
      "/home/ubuntu/workspace/HealthyU/app/controllers/homepage_controller.rb": [
        0,
        0,
        0,
        0
      ],
      "/home/ubuntu/workspace/HealthyU/app/models/exercise.rb": [
        0,
        0
      ]
    },
    "timestamp": 1511916531
  },
  "RSpec": {
    "coverage": {
      "/home/ubuntu/workspace/HealthyU/app/helpers/application_helper.rb": [
        1,
        null
      ],
      "/home/ubuntu/workspace/HealthyU/app/controllers/exercises_controller.rb": [
        1,
        null,
        null,
        null,
        null,
        null,
        1,
        1,
        null,
        1,
        2,
        null,
        1,
        1,
        null,
        1,
        1,
        1,
        1,
        null,
        null,
        1,
        2,
        2,
        2,
        2,
        null,
        1,
        2,
        null,
        null,
        1,
        1,
        1,
        1,
        1,
        null,
        null,
        null,
        null
      ],
      "/home/ubuntu/workspace/HealthyU/app/controllers/application_controller.rb": [
        1,
        null,
        null,
        1,
        null
      ],
      "/home/ubuntu/workspace/HealthyU/app/controllers/nutritions_controller.rb": [
        1,
        1,
        2,
        null,
        1,
        1,
        null,
        null,
        1,
        1,
        null,
        1,
        2,
        null,
        1,
        1,
        0,
        0,
        null,
        null,
        null,
        null,
        1,
        1,
        1,
        0,
        0,
        null,
        1,
        2,
        null,
        1,
        2,
        2,
        2,
        2,
        null,
        null,
        null
      ],
      "/home/ubuntu/workspace/HealthyU/app/models/nutrition.rb": [
        1,
        1,
        2,
        null,
        null,
        null
      ],
      "/home/ubuntu/workspace/HealthyU/app/models/exercise.rb": [
        1,
        null
      ],
      "/home/ubuntu/workspace/HealthyU/app/controllers/homepage_controller.rb": [
        0,
        0,
        0,
        0
      ]
    },
    "timestamp": 1511916546
  }
}
